  Engine.cpp
E:\Uczelnia\Informatyka_VI_semestr\Wprowadzenie do komunikacji człowiek-komputer\Laboratorium\Interfejs\ProjektGrafikaKomputerowa\Engine.cpp(19,24): warning C4305: 'initializing': truncation from 'double' to 'float'
E:\Uczelnia\Informatyka_VI_semestr\Wprowadzenie do komunikacji człowiek-komputer\Laboratorium\Interfejs\ProjektGrafikaKomputerowa\Engine.cpp(484,24): warning C4244: 'argument': conversion from 'int' to 'float', possible loss of data
E:\Uczelnia\Informatyka_VI_semestr\Wprowadzenie do komunikacji człowiek-komputer\Laboratorium\Interfejs\ProjektGrafikaKomputerowa\Engine.cpp(484,21): warning C4244: 'argument': conversion from 'int' to 'float', possible loss of data
E:\Uczelnia\Informatyka_VI_semestr\Wprowadzenie do komunikacji człowiek-komputer\Laboratorium\Interfejs\ProjektGrafikaKomputerowa\Engine.cpp(491,40): warning C4244: 'argument': conversion from 'int' to 'float', possible loss of data
E:\Uczelnia\Informatyka_VI_semestr\Wprowadzenie do komunikacji człowiek-komputer\Laboratorium\Interfejs\ProjektGrafikaKomputerowa\Engine.cpp(491,30): warning C4244: 'argument': conversion from 'int' to 'float', possible loss of data
E:\Uczelnia\Informatyka_VI_semestr\Wprowadzenie do komunikacji człowiek-komputer\Laboratorium\Interfejs\ProjektGrafikaKomputerowa\Engine.cpp(574,47): warning C4305: 'argument': truncation from 'double' to 'float'
E:\Uczelnia\Informatyka_VI_semestr\Wprowadzenie do komunikacji człowiek-komputer\Laboratorium\Interfejs\ProjektGrafikaKomputerowa\Engine.cpp(599,21): warning C4018: '<': signed/unsigned mismatch
E:\Uczelnia\Informatyka_VI_semestr\Wprowadzenie do komunikacji człowiek-komputer\Laboratorium\Interfejs\ProjektGrafikaKomputerowa\Engine.cpp(600,22): warning C4018: '<': signed/unsigned mismatch
E:\Uczelnia\Informatyka_VI_semestr\Wprowadzenie do komunikacji człowiek-komputer\Laboratorium\Interfejs\ProjektGrafikaKomputerowa\Engine.cpp(632,21): warning C4018: '<': signed/unsigned mismatch
E:\Uczelnia\Informatyka_VI_semestr\Wprowadzenie do komunikacji człowiek-komputer\Laboratorium\Interfejs\ProjektGrafikaKomputerowa\Engine.cpp(633,22): warning C4018: '<': signed/unsigned mismatch
E:\Uczelnia\Informatyka_VI_semestr\Wprowadzenie do komunikacji człowiek-komputer\Laboratorium\Interfejs\ProjektGrafikaKomputerowa\Engine.cpp(667,21): warning C4018: '<': signed/unsigned mismatch
E:\Uczelnia\Informatyka_VI_semestr\Wprowadzenie do komunikacji człowiek-komputer\Laboratorium\Interfejs\ProjektGrafikaKomputerowa\Engine.cpp(668,22): warning C4018: '<': signed/unsigned mismatch
E:\Uczelnia\Informatyka_VI_semestr\Wprowadzenie do komunikacji człowiek-komputer\Laboratorium\Interfejs\ProjektGrafikaKomputerowa\Engine.cpp(1245,27): warning C4244: 'argument': conversion from 'int' to 'float', possible loss of data
E:\Uczelnia\Informatyka_VI_semestr\Wprowadzenie do komunikacji człowiek-komputer\Laboratorium\Interfejs\ProjektGrafikaKomputerowa\Engine.cpp(1245,24): warning C4244: 'argument': conversion from 'int' to 'float', possible loss of data
E:\Uczelnia\Informatyka_VI_semestr\Wprowadzenie do komunikacji człowiek-komputer\Laboratorium\Interfejs\ProjektGrafikaKomputerowa\Engine.cpp(1260,32): warning C4244: 'argument': conversion from 'int' to 'float', possible loss of data
E:\Uczelnia\Informatyka_VI_semestr\Wprowadzenie do komunikacji człowiek-komputer\Laboratorium\Interfejs\ProjektGrafikaKomputerowa\Engine.cpp(1260,29): warning C4244: 'argument': conversion from 'int' to 'float', possible loss of data
E:\Uczelnia\Informatyka_VI_semestr\Wprowadzenie do komunikacji człowiek-komputer\Laboratorium\Interfejs\ProjektGrafikaKomputerowa\Engine.cpp(1289,32): warning C4244: 'argument': conversion from 'int' to 'float', possible loss of data
E:\Uczelnia\Informatyka_VI_semestr\Wprowadzenie do komunikacji człowiek-komputer\Laboratorium\Interfejs\ProjektGrafikaKomputerowa\Engine.cpp(1289,26): warning C4244: 'argument': conversion from 'int' to 'float', possible loss of data
E:\Uczelnia\Informatyka_VI_semestr\Wprowadzenie do komunikacji człowiek-komputer\Laboratorium\Interfejs\ProjektGrafikaKomputerowa\Engine.cpp(1332,36): warning C4244: 'argument': conversion from 'int' to 'float', possible loss of data
E:\Uczelnia\Informatyka_VI_semestr\Wprowadzenie do komunikacji człowiek-komputer\Laboratorium\Interfejs\ProjektGrafikaKomputerowa\Engine.cpp(1332,28): warning C4244: 'argument': conversion from 'int' to 'float', possible loss of data
E:\Uczelnia\Informatyka_VI_semestr\Wprowadzenie do komunikacji człowiek-komputer\Laboratorium\Interfejs\ProjektGrafikaKomputerowa\Engine.cpp(1333,34): warning C4244: 'argument': conversion from 'int' to 'float', possible loss of data
E:\Uczelnia\Informatyka_VI_semestr\Wprowadzenie do komunikacji człowiek-komputer\Laboratorium\Interfejs\ProjektGrafikaKomputerowa\Engine.cpp(1333,27): warning C4244: 'argument': conversion from 'int' to 'float', possible loss of data
E:\Uczelnia\Informatyka_VI_semestr\Wprowadzenie do komunikacji człowiek-komputer\Laboratorium\Interfejs\ProjektGrafikaKomputerowa\Engine.cpp(1334,45): warning C4244: 'argument': conversion from 'int' to 'float', possible loss of data
E:\Uczelnia\Informatyka_VI_semestr\Wprowadzenie do komunikacji człowiek-komputer\Laboratorium\Interfejs\ProjektGrafikaKomputerowa\Engine.cpp(1334,38): warning C4244: 'argument': conversion from 'int' to 'float', possible loss of data
E:\Uczelnia\Informatyka_VI_semestr\Wprowadzenie do komunikacji człowiek-komputer\Laboratorium\Interfejs\ProjektGrafikaKomputerowa\Engine.cpp(1335,30): warning C4244: 'argument': conversion from 'int' to 'float', possible loss of data
E:\Uczelnia\Informatyka_VI_semestr\Wprowadzenie do komunikacji człowiek-komputer\Laboratorium\Interfejs\ProjektGrafikaKomputerowa\Engine.cpp(1335,23): warning C4244: 'argument': conversion from 'int' to 'float', possible loss of data
E:\Uczelnia\Informatyka_VI_semestr\Wprowadzenie do komunikacji człowiek-komputer\Laboratorium\Interfejs\ProjektGrafikaKomputerowa\Engine.cpp(1336,24): warning C4244: 'argument': conversion from 'int' to 'float', possible loss of data
E:\Uczelnia\Informatyka_VI_semestr\Wprowadzenie do komunikacji człowiek-komputer\Laboratorium\Interfejs\ProjektGrafikaKomputerowa\Engine.cpp(1336,18): warning C4244: 'argument': conversion from 'int' to 'float', possible loss of data
E:\Uczelnia\Informatyka_VI_semestr\Wprowadzenie do komunikacji człowiek-komputer\Laboratorium\Interfejs\ProjektGrafikaKomputerowa\Engine.cpp(1337,27): warning C4244: 'argument': conversion from 'int' to 'float', possible loss of data
E:\Uczelnia\Informatyka_VI_semestr\Wprowadzenie do komunikacji człowiek-komputer\Laboratorium\Interfejs\ProjektGrafikaKomputerowa\Engine.cpp(1337,21): warning C4244: 'argument': conversion from 'int' to 'float', possible loss of data
E:\Uczelnia\Informatyka_VI_semestr\Wprowadzenie do komunikacji człowiek-komputer\Laboratorium\Interfejs\ProjektGrafikaKomputerowa\Engine.cpp(1338,26): warning C4244: 'argument': conversion from 'int' to 'float', possible loss of data
E:\Uczelnia\Informatyka_VI_semestr\Wprowadzenie do komunikacji człowiek-komputer\Laboratorium\Interfejs\ProjektGrafikaKomputerowa\Engine.cpp(1338,20): warning C4244: 'argument': conversion from 'int' to 'float', possible loss of data
E:\Uczelnia\Informatyka_VI_semestr\Wprowadzenie do komunikacji człowiek-komputer\Laboratorium\Interfejs\ProjektGrafikaKomputerowa\Engine.cpp(1415,35): warning C4244: 'argument': conversion from 'int' to 'float', possible loss of data
E:\Uczelnia\Informatyka_VI_semestr\Wprowadzenie do komunikacji człowiek-komputer\Laboratorium\Interfejs\ProjektGrafikaKomputerowa\Engine.cpp(1415,27): warning C4244: 'argument': conversion from 'int' to 'float', possible loss of data
E:\Uczelnia\Informatyka_VI_semestr\Wprowadzenie do komunikacji człowiek-komputer\Laboratorium\Interfejs\ProjektGrafikaKomputerowa\Engine.cpp(1416,35): warning C4244: 'argument': conversion from 'int' to 'float', possible loss of data
E:\Uczelnia\Informatyka_VI_semestr\Wprowadzenie do komunikacji człowiek-komputer\Laboratorium\Interfejs\ProjektGrafikaKomputerowa\Engine.cpp(1416,27): warning C4244: 'argument': conversion from 'int' to 'float', possible loss of data
E:\Uczelnia\Informatyka_VI_semestr\Wprowadzenie do komunikacji człowiek-komputer\Laboratorium\Interfejs\ProjektGrafikaKomputerowa\Engine.cpp(1417,46): warning C4244: 'argument': conversion from 'int' to 'float', possible loss of data
E:\Uczelnia\Informatyka_VI_semestr\Wprowadzenie do komunikacji człowiek-komputer\Laboratorium\Interfejs\ProjektGrafikaKomputerowa\Engine.cpp(1417,38): warning C4244: 'argument': conversion from 'int' to 'float', possible loss of data
E:\Uczelnia\Informatyka_VI_semestr\Wprowadzenie do komunikacji człowiek-komputer\Laboratorium\Interfejs\ProjektGrafikaKomputerowa\Engine.cpp(1418,45): warning C4244: 'argument': conversion from 'int' to 'float', possible loss of data
E:\Uczelnia\Informatyka_VI_semestr\Wprowadzenie do komunikacji człowiek-komputer\Laboratorium\Interfejs\ProjektGrafikaKomputerowa\Engine.cpp(1418,37): warning C4244: 'argument': conversion from 'int' to 'float', possible loss of data
E:\Uczelnia\Informatyka_VI_semestr\Wprowadzenie do komunikacji człowiek-komputer\Laboratorium\Interfejs\ProjektGrafikaKomputerowa\Engine.cpp(1419,37): warning C4244: 'argument': conversion from 'int' to 'float', possible loss of data
E:\Uczelnia\Informatyka_VI_semestr\Wprowadzenie do komunikacji człowiek-komputer\Laboratorium\Interfejs\ProjektGrafikaKomputerowa\Engine.cpp(1419,29): warning C4244: 'argument': conversion from 'int' to 'float', possible loss of data
E:\Uczelnia\Informatyka_VI_semestr\Wprowadzenie do komunikacji człowiek-komputer\Laboratorium\Interfejs\ProjektGrafikaKomputerowa\Engine.cpp(1420,27): warning C4244: 'argument': conversion from 'int' to 'float', possible loss of data
E:\Uczelnia\Informatyka_VI_semestr\Wprowadzenie do komunikacji człowiek-komputer\Laboratorium\Interfejs\ProjektGrafikaKomputerowa\Engine.cpp(1420,19): warning C4244: 'argument': conversion from 'int' to 'float', possible loss of data
E:\Uczelnia\Informatyka_VI_semestr\Wprowadzenie do komunikacji człowiek-komputer\Laboratorium\Interfejs\ProjektGrafikaKomputerowa\Engine.cpp(1421,30): warning C4244: 'argument': conversion from 'int' to 'float', possible loss of data
E:\Uczelnia\Informatyka_VI_semestr\Wprowadzenie do komunikacji człowiek-komputer\Laboratorium\Interfejs\ProjektGrafikaKomputerowa\Engine.cpp(1421,22): warning C4244: 'argument': conversion from 'int' to 'float', possible loss of data
E:\Uczelnia\Informatyka_VI_semestr\Wprowadzenie do komunikacji człowiek-komputer\Laboratorium\Interfejs\ProjektGrafikaKomputerowa\Engine.cpp(1451,28): warning C4244: 'argument': conversion from 'int' to 'float', possible loss of data
E:\Uczelnia\Informatyka_VI_semestr\Wprowadzenie do komunikacji człowiek-komputer\Laboratorium\Interfejs\ProjektGrafikaKomputerowa\Engine.cpp(1451,25): warning C4244: 'argument': conversion from 'int' to 'float', possible loss of data
E:\Uczelnia\Informatyka_VI_semestr\Wprowadzenie do komunikacji człowiek-komputer\Laboratorium\Interfejs\ProjektGrafikaKomputerowa\Engine.cpp(1524,37): warning C4244: 'argument': conversion from 'int' to 'float', possible loss of data
E:\Uczelnia\Informatyka_VI_semestr\Wprowadzenie do komunikacji człowiek-komputer\Laboratorium\Interfejs\ProjektGrafikaKomputerowa\Engine.cpp(1524,31): warning C4244: 'argument': conversion from 'int' to 'float', possible loss of data
E:\Uczelnia\Informatyka_VI_semestr\Wprowadzenie do komunikacji człowiek-komputer\Laboratorium\Interfejs\ProjektGrafikaKomputerowa\Engine.cpp(1544,45): warning C4244: 'argument': conversion from 'int' to 'float', possible loss of data
E:\Uczelnia\Informatyka_VI_semestr\Wprowadzenie do komunikacji człowiek-komputer\Laboratorium\Interfejs\ProjektGrafikaKomputerowa\Engine.cpp(1544,37): warning C4244: 'argument': conversion from 'int' to 'float', possible loss of data
E:\Uczelnia\Informatyka_VI_semestr\Wprowadzenie do komunikacji człowiek-komputer\Laboratorium\Interfejs\ProjektGrafikaKomputerowa\Engine.cpp(1545,44): warning C4244: 'argument': conversion from 'int' to 'float', possible loss of data
E:\Uczelnia\Informatyka_VI_semestr\Wprowadzenie do komunikacji człowiek-komputer\Laboratorium\Interfejs\ProjektGrafikaKomputerowa\Engine.cpp(1545,36): warning C4244: 'argument': conversion from 'int' to 'float', possible loss of data
E:\Uczelnia\Informatyka_VI_semestr\Wprowadzenie do komunikacji człowiek-komputer\Laboratorium\Interfejs\ProjektGrafikaKomputerowa\Engine.cpp(1546,28): warning C4244: 'argument': conversion from 'int' to 'float', possible loss of data
E:\Uczelnia\Informatyka_VI_semestr\Wprowadzenie do komunikacji człowiek-komputer\Laboratorium\Interfejs\ProjektGrafikaKomputerowa\Engine.cpp(1546,25): warning C4244: 'argument': conversion from 'int' to 'float', possible loss of data
E:\Uczelnia\Informatyka_VI_semestr\Wprowadzenie do komunikacji człowiek-komputer\Laboratorium\Interfejs\ProjektGrafikaKomputerowa\Engine.cpp(1553,29): warning C4244: 'argument': conversion from 'int' to 'float', possible loss of data
E:\Uczelnia\Informatyka_VI_semestr\Wprowadzenie do komunikacji człowiek-komputer\Laboratorium\Interfejs\ProjektGrafikaKomputerowa\Engine.cpp(1553,26): warning C4244: 'argument': conversion from 'int' to 'float', possible loss of data
E:\Uczelnia\Informatyka_VI_semestr\Wprowadzenie do komunikacji człowiek-komputer\Laboratorium\Interfejs\ProjektGrafikaKomputerowa\Engine.cpp(1558,32): warning C4244: 'argument': conversion from 'int' to 'float', possible loss of data
E:\Uczelnia\Informatyka_VI_semestr\Wprowadzenie do komunikacji człowiek-komputer\Laboratorium\Interfejs\ProjektGrafikaKomputerowa\Engine.cpp(1558,29): warning C4244: 'argument': conversion from 'int' to 'float', possible loss of data
E:\Uczelnia\Informatyka_VI_semestr\Wprowadzenie do komunikacji człowiek-komputer\Laboratorium\Interfejs\ProjektGrafikaKomputerowa\Engine.cpp(1563,30): warning C4244: 'argument': conversion from 'int' to 'float', possible loss of data
E:\Uczelnia\Informatyka_VI_semestr\Wprowadzenie do komunikacji człowiek-komputer\Laboratorium\Interfejs\ProjektGrafikaKomputerowa\Engine.cpp(1563,27): warning C4244: 'argument': conversion from 'int' to 'float', possible loss of data
E:\Uczelnia\Informatyka_VI_semestr\Wprowadzenie do komunikacji człowiek-komputer\Laboratorium\Interfejs\ProjektGrafikaKomputerowa\Engine.cpp(1590,35): warning C4244: 'argument': conversion from 'int' to 'float', possible loss of data
E:\Uczelnia\Informatyka_VI_semestr\Wprowadzenie do komunikacji człowiek-komputer\Laboratorium\Interfejs\ProjektGrafikaKomputerowa\Engine.cpp(1590,27): warning C4244: 'argument': conversion from 'int' to 'float', possible loss of data
E:\Uczelnia\Informatyka_VI_semestr\Wprowadzenie do komunikacji człowiek-komputer\Laboratorium\Interfejs\ProjektGrafikaKomputerowa\Engine.cpp(1591,35): warning C4244: 'argument': conversion from 'int' to 'float', possible loss of data
E:\Uczelnia\Informatyka_VI_semestr\Wprowadzenie do komunikacji człowiek-komputer\Laboratorium\Interfejs\ProjektGrafikaKomputerowa\Engine.cpp(1591,27): warning C4244: 'argument': conversion from 'int' to 'float', possible loss of data
E:\Uczelnia\Informatyka_VI_semestr\Wprowadzenie do komunikacji człowiek-komputer\Laboratorium\Interfejs\ProjektGrafikaKomputerowa\Engine.cpp(1674,15): warning C4244: 'initializing': conversion from 'float' to 'unsigned int', possible loss of data
E:\Uczelnia\Informatyka_VI_semestr\Wprowadzenie do komunikacji człowiek-komputer\Laboratorium\Interfejs\ProjektGrafikaKomputerowa\Engine.cpp(1675,15): warning C4244: 'initializing': conversion from 'float' to 'unsigned int', possible loss of data
  ProjektGrafikaKomputerowa.vcxproj -> E:\Uczelnia\Informatyka_VI_semestr\Wprowadzenie do komunikacji człowiek-komputer\Laboratorium\Interfejs\ProjektGrafikaKomputerowa\x64\Debug\ProjektGrafikaKomputerowa.exe
