e:\uczelnia\informatyka v semestr\grafika komputerowa\proj\projektgrafikakomputerowa\x64\debug\vc142.pdb
e:\uczelnia\informatyka v semestr\grafika komputerowa\proj\projektgrafikakomputerowa\x64\debug\vc142.idb
e:\uczelnia\informatyka v semestr\grafika komputerowa\proj\projektgrafikakomputerowa\x64\debug\źródło.obj
e:\uczelnia\informatyka v semestr\grafika komputerowa\proj\projektgrafikakomputerowa\x64\debug\map.obj
e:\uczelnia\informatyka v semestr\grafika komputerowa\proj\projektgrafikakomputerowa\x64\debug\field.obj
e:\uczelnia\informatyka v semestr\grafika komputerowa\proj\projektgrafikakomputerowa\x64\debug\engine.obj
e:\uczelnia\informatyka v semestr\grafika komputerowa\proj\projektgrafikakomputerowa\x64\debug\player.obj
e:\uczelnia\informatyka v semestr\grafika komputerowa\proj\projektgrafikakomputerowa\x64\debug\main.obj
e:\uczelnia\informatyka v semestr\grafika komputerowa\proj\projektgrafikakomputerowa\x64\debug\npc.obj
e:\uczelnia\informatyka v semestr\grafika komputerowa\proj\projektgrafikakomputerowa\x64\debug\enemy.obj
e:\uczelnia\informatyka v semestr\grafika komputerowa\proj\projektgrafikakomputerowa\x64\debug\projektgrafikakomputerowa.ilk
e:\uczelnia\informatyka v semestr\grafika komputerowa\proj\projektgrafikakomputerowa\x64\debug\projektgrafikakomputerowa.exe
e:\uczelnia\informatyka v semestr\grafika komputerowa\proj\projektgrafikakomputerowa\x64\debug\projektgrafikakomputerowa.pdb
e:\uczelnia\informatyka v semestr\grafika komputerowa\proj\projektgrafikakomputerowa\x64\debug\resource.res
e:\uczelnia\informatyka v semestr\grafika komputerowa\proj\projektgrafikakomputerowa\x64\debug\usable_item.obj
e:\uczelnia\informatyka v semestr\grafika komputerowa\proj\projektgrafikakomputerowa\x64\debug\projektg.398645f7.tlog\cl.command.1.tlog
e:\uczelnia\informatyka v semestr\grafika komputerowa\proj\projektgrafikakomputerowa\x64\debug\projektg.398645f7.tlog\cl.read.1.tlog
e:\uczelnia\informatyka v semestr\grafika komputerowa\proj\projektgrafikakomputerowa\x64\debug\projektg.398645f7.tlog\cl.write.1.tlog
e:\uczelnia\informatyka v semestr\grafika komputerowa\proj\projektgrafikakomputerowa\x64\debug\projektg.398645f7.tlog\link.command.1.tlog
e:\uczelnia\informatyka v semestr\grafika komputerowa\proj\projektgrafikakomputerowa\x64\debug\projektg.398645f7.tlog\link.read.1.tlog
e:\uczelnia\informatyka v semestr\grafika komputerowa\proj\projektgrafikakomputerowa\x64\debug\projektg.398645f7.tlog\link.write.1.tlog
e:\uczelnia\informatyka v semestr\grafika komputerowa\proj\projektgrafikakomputerowa\x64\debug\projektg.398645f7.tlog\rc.command.1.tlog
e:\uczelnia\informatyka v semestr\grafika komputerowa\proj\projektgrafikakomputerowa\x64\debug\projektg.398645f7.tlog\rc.read.1.tlog
e:\uczelnia\informatyka v semestr\grafika komputerowa\proj\projektgrafikakomputerowa\x64\debug\projektg.398645f7.tlog\rc.write.1.tlog
